Arguments: 
  /usr/local/Cellar/node/11.7.0/bin/node /usr/local/Cellar/yarn/1.13.0/libexec/bin/yarn.js add -D gulp

PATH: 
  /Users/elliotschep/.rbenv/shims:/usr/local/sbin:/Users/elliotschep/.pyenv/shims:/Users/elliotschep/bin:/usr/local/bin:/usr/local/share/python:/usr/local/bin:/usr/bin:/bin:/usr/sbin:/sbin:/usr/local/MacGPG2/bin:/Users/elliotschep/Dropbox/Code/go/bin:/usr/local/opt/go/libexec/bin:/usr/local/opt/fzf/bin

Yarn version: 
  1.13.0

Node version: 
  11.7.0

Platform: 
  darwin x64

Trace: 
  SyntaxError: /Users/elliotschep/Code/tintin-game/package.json: Unexpected token } in JSON at position 199
      at JSON.parse (<anonymous>)
      at /usr/local/Cellar/yarn/1.13.0/libexec/lib/cli.js:1625:59
      at Generator.next (<anonymous>)
      at step (/usr/local/Cellar/yarn/1.13.0/libexec/lib/cli.js:304:30)
      at /usr/local/Cellar/yarn/1.13.0/libexec/lib/cli.js:315:13

npm manifest: 
  {
    "name": "tintin-game",
    "version": "1.0.0",
    "main": "index.html",
    "repository": "git@github.com:ratskin/tintin-game.git",
    "author": "ratskin <elliot.schep@gmail.com>",
    "license": "MIT",
  }

yarn manifest: 
  No manifest

Lockfile: 
  # THIS IS AN AUTOGENERATED FILE. DO NOT EDIT THIS FILE DIRECTLY.
  # yarn lockfile v1
